===============================================================
Gobuster v3.1.0
by OJ Reeves (@TheColonial) & Christian Mehlmauer (@firefart)
===============================================================
[+] Url:                     http://shoppy.htb
[+] Method:                  GET
[+] Threads:                 10
[+] Wordlist:                /usr/share/wordlists/dirb/common.txt
[+] Negative Status codes:   404
[+] User Agent:              gobuster/3.1.0
[+] Extensions:              txt,html,php,js
[+] Timeout:                 10s
===============================================================
2022/12/17 17:49:45 Starting gobuster in directory enumeration mode
===============================================================
/admin                (Status: 302) [Size: 28] [--> /login]
/Admin                (Status: 302) [Size: 28] [--> /login]
/ADMIN                (Status: 302) [Size: 28] [--> /login]
/assets               (Status: 301) [Size: 179] [--> /assets/]
/css                  (Status: 301) [Size: 173] [--> /css/]   
/exports              (Status: 301) [Size: 181] [--> /exports/]
/favicon.ico          (Status: 200) [Size: 213054]             
/fonts                (Status: 301) [Size: 177] [--> /fonts/]  
/images               (Status: 301) [Size: 179] [--> /images/] 
/js                   (Status: 301) [Size: 171] [--> /js/]     
/login                (Status: 200) [Size: 1074]               
/Login                (Status: 200) [Size: 1074]               
===============================================================
2022/12/17 17:52:50 Finished
===============================================================
