[1m[38;2;0;255;0m.[38;2;0;255;6m-[38;2;0;255;13m-[38;2;0;255;19m-[38;2;0;255;25m-[38;2;0;255;32m.[38;2;0;255;38m [38;2;0;255;45m.[38;2;0;255;51m-[38;2;0;255;57m.[38;2;0;255;64m [38;2;0;255;70m.[38;2;0;255;76m-[38;2;0;255;83m.[38;2;0;255;89m [38;2;0;255;96m.[38;2;0;255;102m-[38;2;0;255;108m-[38;2;0;255;115m-[38;2;0;255;121m-[38;2;0;255;127m.[38;2;0;255;134m.[38;2;0;255;140m-[38;2;0;255;147m-[38;2;0;255;153m-[38;2;0;255;159m.[38;2;0;255;166m [38;2;0;255;172m [38;2;0;255;178m.[38;2;0;255;185m-[38;2;0;255;191m-[38;2;0;255;198m-[38;2;0;255;204m-[38;2;0;255;210m.[38;2;0;255;217m [38;2;0;255;223m.[38;2;0;255;229m-[38;2;0;255;236m-[38;2;0;255;242m-[38;2;0;255;249m.[38;2;0;255;255m [38;2;0;249;255m [38;2;0;242;255m [38;2;0;236;255m.[38;2;0;230;255m-[38;2;0;223;255m-[38;2;0;217;255m.[38;2;0;210;255m [38;2;0;204;255m [38;2;0;198;255m.[38;2;0;191;255m-[38;2;0;185;255m.[38;2;0;179;255m [38;2;0;172;255m.[38;2;0;166;255m-[38;2;0;159;255m.[0m
[38;2;0;255;0m|[38;2;0;255;6m [38;2;0;255;13m{[38;2;0;255;19m}[38;2;0;255;25m [38;2;0;255;32m [38;2;0;255;38m}[38;2;0;255;45m|[38;2;0;255;51m [38;2;0;255;57m{[38;2;0;255;64m [38;2;0;255;70m}[38;2;0;255;76m [38;2;0;255;83m|[38;2;0;255;89m{[38;2;0;255;96m [38;2;0;255;102m{[38;2;0;255;108m_[38;2;0;255;115m_[38;2;0;255;121m [38;2;0;255;127m{[38;2;0;255;134m_[38;2;0;255;140m [38;2;0;255;147m [38;2;0;255;153m [38;2;0;255;159m_[38;2;0;255;166m}[38;2;0;255;172m{[38;2;0;255;178m [38;2;0;255;185m{[38;2;0;255;191m_[38;2;0;255;198m_[38;2;0;255;204m [38;2;0;255;210m [38;2;0;255;217m/[38;2;0;255;223m [38;2;0;255;229m [38;2;0;255;236m_[38;2;0;255;242m_[38;2;0;255;249m_[38;2;0;255;255m}[38;2;0;249;255m [38;2;0;242;255m/[38;2;0;236;255m [38;2;0;230;255m{[38;2;0;223;255m}[38;2;0;217;255m [38;2;0;210;255m\[38;2;0;204;255m [38;2;0;198;255m|[38;2;0;191;255m [38;2;0;185;255m [38;2;0;179;255m`[38;2;0;172;255m|[38;2;0;166;255m [38;2;0;159;255m|[0m
[38;2;0;255;0m|[38;2;0;255;6m [38;2;0;255;13m.[38;2;0;255;19m-[38;2;0;255;25m.[38;2;0;255;32m [38;2;0;255;38m\[38;2;0;255;45m|[38;2;0;255;51m [38;2;0;255;57m{[38;2;0;255;64m_[38;2;0;255;70m}[38;2;0;255;76m [38;2;0;255;83m|[38;2;0;255;89m.[38;2;0;255;96m-[38;2;0;255;102m.[38;2;0;255;108m_[38;2;0;255;115m}[38;2;0;255;121m [38;2;0;255;127m}[38;2;0;255;134m [38;2;0;255;140m|[38;2;0;255;147m [38;2;0;255;153m|[38;2;0;255;159m [38;2;0;255;166m [38;2;0;255;172m.[38;2;0;255;178m-[38;2;0;255;185m.[38;2;0;255;191m_[38;2;0;255;198m}[38;2;0;255;204m [38;2;0;255;210m}[38;2;0;255;217m\[38;2;0;255;223m [38;2;0;255;229m [38;2;0;255;236m [38;2;0;255;242m [38;2;0;255;249m [38;2;0;255;255m}[38;2;0;249;255m/[38;2;0;242;255m [38;2;0;236;255m [38;2;0;230;255m/[38;2;0;223;255m\[38;2;0;217;255m [38;2;0;210;255m [38;2;0;204;255m\[38;2;0;198;255m|[38;2;0;191;255m [38;2;0;185;255m|[38;2;0;179;255m\[38;2;0;172;255m [38;2;0;166;255m [38;2;0;159;255m|[0m
[38;2;0;255;0m`[38;2;0;255;6m-[38;2;0;255;13m'[38;2;0;255;19m [38;2;0;255;25m`[38;2;0;255;32m-[38;2;0;255;38m'[38;2;0;255;45m`[38;2;0;255;51m-[38;2;0;255;57m-[38;2;0;255;64m-[38;2;0;255;70m-[38;2;0;255;76m-[38;2;0;255;83m'[38;2;0;255;89m`[38;2;0;255;96m-[38;2;0;255;102m-[38;2;0;255;108m-[38;2;0;255;115m-[38;2;0;255;121m'[38;2;0;255;127m [38;2;0;255;134m [38;2;0;255;140m`[38;2;0;255;147m-[38;2;0;255;153m'[38;2;0;255;159m [38;2;0;255;166m [38;2;0;255;172m`[38;2;0;255;178m-[38;2;0;255;185m-[38;2;0;255;191m-[38;2;0;255;198m-[38;2;0;255;204m'[38;2;0;255;210m [38;2;0;255;217m [38;2;0;255;223m`[38;2;0;255;229m-[38;2;0;255;236m-[38;2;0;255;242m-[38;2;0;255;249m'[38;2;0;255;255m [38;2;0;249;255m`[38;2;0;242;255m-[38;2;0;236;255m'[38;2;0;230;255m [38;2;0;223;255m [38;2;0;217;255m`[38;2;0;210;255m-[38;2;0;204;255m'[38;2;0;198;255m`[38;2;0;191;255m-[38;2;0;185;255m'[38;2;0;179;255m [38;2;0;172;255m`[38;2;0;166;255m-[38;2;0;159;255m'[0m
[38;2;0;255;0mT[38;2;0;255;6mh[38;2;0;255;13me[38;2;0;255;19m [38;2;0;255;25mM[38;2;0;255;32mo[38;2;0;255;38md[38;2;0;255;45me[38;2;0;255;51mr[38;2;0;255;57mn[38;2;0;255;64m [38;2;0;255;70mD[38;2;0;255;76ma[38;2;0;255;83my[38;2;0;255;89m [38;2;0;255;96mP[38;2;0;255;102mo[38;2;0;255;108mr[38;2;0;255;115mt[38;2;0;255;121m [38;2;0;255;127mS[38;2;0;255;134mc[38;2;0;255;140ma[38;2;0;255;147mn[38;2;0;255;153mn[38;2;0;255;159me[38;2;0;255;166mr[38;2;0;255;172m.[0m[0m
[1m[38;2;255;255;0m_[38;2;249;255;0m_[38;2;242;255;0m_[38;2;236;255;0m_[38;2;230;255;0m_[38;2;223;255;0m_[38;2;217;255;0m_[38;2;210;255;0m_[38;2;204;255;0m_[38;2;198;255;0m_[38;2;191;255;0m_[38;2;185;255;0m_[38;2;179;255;0m_[38;2;172;255;0m_[38;2;166;255;0m_[38;2;159;255;0m_[38;2;153;255;0m_[38;2;147;255;0m_[38;2;140;255;0m_[38;2;134;255;0m_[38;2;128;255;0m_[38;2;121;255;0m_[38;2;115;255;0m_[38;2;108;255;0m_[38;2;102;255;0m_[38;2;96;255;0m_[38;2;89;255;0m_[38;2;83;255;0m_[38;2;77;255;0m_[38;2;70;255;0m_[38;2;64;255;0m_[38;2;57;255;0m_[38;2;51;255;0m_[38;2;45;255;0m_[38;2;38;255;0m_[38;2;32;255;0m_[38;2;26;255;0m_[38;2;19;255;0m_[38;2;13;255;0m_[38;2;6;255;0m_[0m
[38;2;255;255;0m:[38;2;249;255;0m [38;2;242;255;0mh[38;2;236;255;0mt[38;2;230;255;0mt[38;2;223;255;0mp[38;2;217;255;0ms[38;2;210;255;0m:[38;2;204;255;0m/[38;2;198;255;0m/[38;2;191;255;0md[38;2;185;255;0mi[38;2;179;255;0ms[38;2;172;255;0mc[38;2;166;255;0mo[38;2;159;255;0mr[38;2;153;255;0md[38;2;147;255;0m.[38;2;140;255;0mg[38;2;134;255;0mg[38;2;128;255;0m/[38;2;121;255;0mG[38;2;115;255;0mF[38;2;108;255;0mr[38;2;102;255;0mQ[38;2;96;255;0ms[38;2;89;255;0mG[38;2;83;255;0my[38;2;77;255;0m [38;2;70;255;0m [38;2;64;255;0m [38;2;57;255;0m [38;2;51;255;0m [38;2;45;255;0m [38;2;38;255;0m [38;2;32;255;0m [38;2;26;255;0m [38;2;19;255;0m [38;2;13;255;0m [38;2;6;255;0m:[0m
[38;2;255;255;0m:[38;2;249;255;0m [38;2;242;255;0mh[38;2;236;255;0mt[38;2;230;255;0mt[38;2;223;255;0mp[38;2;217;255;0ms[38;2;210;255;0m:[38;2;204;255;0m/[38;2;198;255;0m/[38;2;191;255;0mg[38;2;185;255;0mi[38;2;179;255;0mt[38;2;172;255;0mh[38;2;166;255;0mu[38;2;159;255;0mb[38;2;153;255;0m.[38;2;147;255;0mc[38;2;140;255;0mo[38;2;134;255;0mm[38;2;128;255;0m/[38;2;121;255;0mR[38;2;115;255;0mu[38;2;108;255;0ms[38;2;102;255;0mt[38;2;96;255;0mS[38;2;89;255;0mc[38;2;83;255;0ma[38;2;77;255;0mn[38;2;70;255;0m/[38;2;64;255;0mR[38;2;57;255;0mu[38;2;51;255;0ms[38;2;45;255;0mt[38;2;38;255;0mS[38;2;32;255;0mc[38;2;26;255;0ma[38;2;19;255;0mn[38;2;13;255;0m [38;2;6;255;0m:[0m
[38;2;255;255;0m [38;2;249;255;0m-[38;2;242;255;0m-[38;2;236;255;0m-[38;2;230;255;0m-[38;2;223;255;0m-[38;2;217;255;0m-[38;2;210;255;0m-[38;2;204;255;0m-[38;2;198;255;0m-[38;2;191;255;0m-[38;2;185;255;0m-[38;2;179;255;0m-[38;2;172;255;0m-[38;2;166;255;0m-[38;2;159;255;0m-[38;2;153;255;0m-[38;2;147;255;0m-[38;2;140;255;0m-[38;2;134;255;0m-[38;2;128;255;0m-[38;2;121;255;0m-[38;2;115;255;0m-[38;2;108;255;0m-[38;2;102;255;0m-[38;2;96;255;0m-[38;2;89;255;0m-[38;2;83;255;0m-[38;2;77;255;0m-[38;2;70;255;0m-[38;2;64;255;0m-[38;2;57;255;0m-[38;2;51;255;0m-[38;2;45;255;0m-[38;2;38;255;0m-[38;2;32;255;0m-[38;2;26;255;0m-[38;2;19;255;0m-[38;2;13;255;0m-[0m[0m
Please contribute more quotes to our GitHub https://github.com/rustscan/rustscan

[1;34m[~][0m The config file is expected to be at "/home/divu050704/.rustscan.toml"
[1;34m[~][0m Automatically increasing ulimit value to 5000.
Open 10.10.11.180:22
Open 10.10.11.180:80
Open 10.10.11.180:9093
[1;34m[~][0m Starting Script(s)
[1;38;2;0;255;9m[>][0m Script to be run Some("nmap -vvv -p {{port}} {{ip}}")

[1;34m[~][0m Starting Nmap 7.92 ( https://nmap.org ) at 2022-12-17 17:48 IST
NSE: Loaded 155 scripts for scanning.
NSE: Script Pre-scanning.
NSE: Starting runlevel 1 (of 3) scan.
Initiating NSE at 17:48
Completed NSE at 17:48, 0.00s elapsed
NSE: Starting runlevel 2 (of 3) scan.
Initiating NSE at 17:48
Completed NSE at 17:48, 0.00s elapsed
NSE: Starting runlevel 3 (of 3) scan.
Initiating NSE at 17:48
Completed NSE at 17:48, 0.00s elapsed
Initiating Ping Scan at 17:48
Scanning 10.10.11.180 [2 ports]
Completed Ping Scan at 17:48, 0.08s elapsed (1 total hosts)
Initiating Parallel DNS resolution of 1 host. at 17:48
Completed Parallel DNS resolution of 1 host. at 17:48, 0.00s elapsed
DNS resolution of 1 IPs took 0.01s. Mode: Async [#: 2, OK: 0, NX: 1, DR: 0, SF: 0, TR: 1, CN: 0]
Initiating Connect Scan at 17:48
Scanning 10.10.11.180 [3 ports]
Discovered open port 80/tcp on 10.10.11.180
Discovered open port 9093/tcp on 10.10.11.180
Discovered open port 22/tcp on 10.10.11.180
Completed Connect Scan at 17:48, 0.08s elapsed (3 total ports)
Initiating Service scan at 17:48
Scanning 3 services on 10.10.11.180
Completed Service scan at 17:49, 99.60s elapsed (3 services on 1 host)
NSE: Script scanning 10.10.11.180.
NSE: Starting runlevel 1 (of 3) scan.
Initiating NSE at 17:49
Completed NSE at 17:49, 2.67s elapsed
NSE: Starting runlevel 2 (of 3) scan.
Initiating NSE at 17:49
Completed NSE at 17:49, 1.12s elapsed
NSE: Starting runlevel 3 (of 3) scan.
Initiating NSE at 17:49
Completed NSE at 17:49, 0.00s elapsed
Nmap scan report for 10.10.11.180
Host is up, received syn-ack (0.080s latency).
Scanned at 2022-12-17 17:48:13 IST for 104s

PORT     STATE SERVICE  REASON  VERSION
22/tcp   open  ssh      syn-ack OpenSSH 8.4p1 Debian 5+deb11u1 (protocol 2.0)
| ssh-hostkey: 
|   3072 9e:5e:83:51:d9:9f:89:ea:47:1a:12:eb:81:f9:22:c0 (RSA)
| ssh-rsa AAAAB3NzaC1yc2EAAAADAQABAAABgQDApZi3Kltv1yDHTatw6pKZfuIcoHfTnVe0W1yc9Uw7NMUinxjjQaQ731J+eCTwd8hBcZT6HQwcchDNR50Lwyp2a/KpXuH2my+2/tDvISTRTgwfMy1sDrG3+KPEzBag07m7ycshp8KhrRq0faHPrEgcagkb5T8mnT6zr3YonzoMyIpT+Q1O0JAre6GPgJc9im/tjaqhwUxCH5MxJCKQxaUf2SlGjRCH5/xEkNO20BEUYokjoAWwHUWjK2mlIrBQfd4/lcUzMnc5WT9pVBqQBw+/7LbFRyH4TLmGT9PPEr8D8iygWYpuG7WFOZlU8oOhO0+uBqZFgJFFOevq+42q42BvYYR/z+mFox+Q2lz7viSCV7nBMdcWto6USWLrx1AkVXNGeuRjr3l0r/698sQjDy5v0GnU9cMHeYkMc+TuiIaJJ5oRrSg/x53Xin1UogTnTaKLNdGkgynMqyVFklvdnUngRSLsXnwYNgcDrUhXxsfpDu8HVnzerT3q27679+n5ZFM=
|   256 58:57:ee:eb:06:50:03:7c:84:63:d7:a3:41:5b:1a:d5 (ECDSA)
| ecdsa-sha2-nistp256 AAAAE2VjZHNhLXNoYTItbmlzdHAyNTYAAAAIbmlzdHAyNTYAAABBBHiKrH/B/4murRCo5ju2KuPgkMjQN3Foh7EifMHEOwmoDNjLYBfoAFKgBnrMA9GzA+NGhHVa6L8CAxN3eaGXXMo=
|   256 3e:9d:0a:42:90:44:38:60:b3:b6:2c:e9:bd:9a:67:54 (ED25519)
|_ssh-ed25519 AAAAC3NzaC1lZDI1NTE5AAAAIBRsWhJQCRHjDkHy3HkFLMZoGqCmM3/VfMHMm56u0Ivk
80/tcp   open  http     syn-ack nginx 1.23.1
|_http-title: Did not follow redirect to http://shoppy.htb
| http-methods: 
|_  Supported Methods: GET HEAD POST OPTIONS
|_http-server-header: nginx/1.23.1
9093/tcp open  copycat? syn-ack
| fingerprint-strings: 
|   GenericLines: 
|     HTTP/1.1 400 Bad Request
|     Content-Type: text/plain; charset=utf-8
|     Connection: close
|     Request
|   GetRequest, HTTPOptions: 
|     HTTP/1.0 200 OK
|     Content-Type: text/plain; version=0.0.4; charset=utf-8
|     Date: Sat, 17 Dec 2022 12:18:32 GMT
|     HELP go_gc_cycles_automatic_gc_cycles_total Count of completed GC cycles generated by the Go runtime.
|     TYPE go_gc_cycles_automatic_gc_cycles_total counter
|     go_gc_cycles_automatic_gc_cycles_total 913
|     HELP go_gc_cycles_forced_gc_cycles_total Count of completed GC cycles forced by the application.
|     TYPE go_gc_cycles_forced_gc_cycles_total counter
|     go_gc_cycles_forced_gc_cycles_total 0
|     HELP go_gc_cycles_total_gc_cycles_total Count of all completed GC cycles.
|     TYPE go_gc_cycles_total_gc_cycles_total counter
|     go_gc_cycles_total_gc_cycles_total 913
|     HELP go_gc_duration_seconds A summary of the pause duration of garbage collection cycles.
|     TYPE go_gc_duration_seconds summary
|     go_gc_duration_seconds{quantile="0"} 4.1067e-05
|     go_gc_duration_seconds{quantile="0.25"} 8.0661e-05
|_    go_gc
1 service unrecognized despite returning data. If you know the service/version, please submit the following fingerprint at https://nmap.org/cgi-bin/submit.cgi?new-service :
SF-Port9093-TCP:V=7.92%I=7%D=12/17%Time=639DB396%P=x86_64-pc-linux-gnu%r(G
SF:enericLines,67,"HTTP/1\.1\x20400\x20Bad\x20Request\r\nContent-Type:\x20
SF:text/plain;\x20charset=utf-8\r\nConnection:\x20close\r\n\r\n400\x20Bad\
SF:x20Request")%r(GetRequest,2A5A,"HTTP/1\.0\x20200\x20OK\r\nContent-Type:
SF:\x20text/plain;\x20version=0\.0\.4;\x20charset=utf-8\r\nDate:\x20Sat,\x
SF:2017\x20Dec\x202022\x2012:18:32\x20GMT\r\n\r\n#\x20HELP\x20go_gc_cycles
SF:_automatic_gc_cycles_total\x20Count\x20of\x20completed\x20GC\x20cycles\
SF:x20generated\x20by\x20the\x20Go\x20runtime\.\n#\x20TYPE\x20go_gc_cycles
SF:_automatic_gc_cycles_total\x20counter\ngo_gc_cycles_automatic_gc_cycles
SF:_total\x20913\n#\x20HELP\x20go_gc_cycles_forced_gc_cycles_total\x20Coun
SF:t\x20of\x20completed\x20GC\x20cycles\x20forced\x20by\x20the\x20applicat
SF:ion\.\n#\x20TYPE\x20go_gc_cycles_forced_gc_cycles_total\x20counter\ngo_
SF:gc_cycles_forced_gc_cycles_total\x200\n#\x20HELP\x20go_gc_cycles_total_
SF:gc_cycles_total\x20Count\x20of\x20all\x20completed\x20GC\x20cycles\.\n#
SF:\x20TYPE\x20go_gc_cycles_total_gc_cycles_total\x20counter\ngo_gc_cycles
SF:_total_gc_cycles_total\x20913\n#\x20HELP\x20go_gc_duration_seconds\x20A
SF:\x20summary\x20of\x20the\x20pause\x20duration\x20of\x20garbage\x20colle
SF:ction\x20cycles\.\n#\x20TYPE\x20go_gc_duration_seconds\x20summary\ngo_g
SF:c_duration_seconds{quantile=\"0\"}\x204\.1067e-05\ngo_gc_duration_secon
SF:ds{quantile=\"0\.25\"}\x208\.0661e-05\ngo_gc")%r(HTTPOptions,2A5A,"HTTP
SF:/1\.0\x20200\x20OK\r\nContent-Type:\x20text/plain;\x20version=0\.0\.4;\
SF:x20charset=utf-8\r\nDate:\x20Sat,\x2017\x20Dec\x202022\x2012:18:32\x20G
SF:MT\r\n\r\n#\x20HELP\x20go_gc_cycles_automatic_gc_cycles_total\x20Count\
SF:x20of\x20completed\x20GC\x20cycles\x20generated\x20by\x20the\x20Go\x20r
SF:untime\.\n#\x20TYPE\x20go_gc_cycles_automatic_gc_cycles_total\x20counte
SF:r\ngo_gc_cycles_automatic_gc_cycles_total\x20913\n#\x20HELP\x20go_gc_cy
SF:cles_forced_gc_cycles_total\x20Count\x20of\x20completed\x20GC\x20cycles
SF:\x20forced\x20by\x20the\x20application\.\n#\x20TYPE\x20go_gc_cycles_for
SF:ced_gc_cycles_total\x20counter\ngo_gc_cycles_forced_gc_cycles_total\x20
SF:0\n#\x20HELP\x20go_gc_cycles_total_gc_cycles_total\x20Count\x20of\x20al
SF:l\x20completed\x20GC\x20cycles\.\n#\x20TYPE\x20go_gc_cycles_total_gc_cy
SF:cles_total\x20counter\ngo_gc_cycles_total_gc_cycles_total\x20913\n#\x20
SF:HELP\x20go_gc_duration_seconds\x20A\x20summary\x20of\x20the\x20pause\x2
SF:0duration\x20of\x20garbage\x20collection\x20cycles\.\n#\x20TYPE\x20go_g
SF:c_duration_seconds\x20summary\ngo_gc_duration_seconds{quantile=\"0\"}\x
SF:204\.1067e-05\ngo_gc_duration_seconds{quantile=\"0\.25\"}\x208\.0661e-0
SF:5\ngo_gc");
Service Info: OS: Linux; CPE: cpe:/o:linux:linux_kernel

NSE: Script Post-scanning.
NSE: Starting runlevel 1 (of 3) scan.
Initiating NSE at 17:49
Completed NSE at 17:49, 0.00s elapsed
NSE: Starting runlevel 2 (of 3) scan.
Initiating NSE at 17:49
Completed NSE at 17:49, 0.00s elapsed
NSE: Starting runlevel 3 (of 3) scan.
Initiating NSE at 17:49
Completed NSE at 17:49, 0.00s elapsed
Read data files from: /usr/bin/../share/nmap
Service detection performed. Please report any incorrect results at https://nmap.org/submit/ .
Nmap done: 1 IP address (1 host up) scanned in 104.47 seconds

