Starting enum4linux v0.9.1 ( http://labs.portcullis.co.uk/application/enum4linux/ ) on Sat Nov 19 09:54:47 2022

[34m =========================================( [0m[32mTarget Information[0m[34m )=========================================

[0mTarget ........... 10.10.11.174
RID Range ........ 500-550,1000-1050
Username ......... 'management'
Password ......... ''
Known Usernames .. administrator, guest, krbtgt, domain admins, root, bin, none


[34m ============================( [0m[32mEnumerating Workgroup/Domain on 10.10.11.174[0m[34m )============================

[0m[33m
[E] [0m[31mCan't find workgroup/domain

[0m

[34m ================================( [0m[32mNbtstat Information for 10.10.11.174[0m[34m )================================

[0mLooking up status of 10.10.11.174
No reply from 10.10.11.174

[34m ===================================( [0m[32mSession Check on 10.10.11.174[0m[34m )===================================

[0m[33m
[+] [0m[32mServer 10.10.11.174 allows sessions using username 'management', password ''

[0m
[34m ================================( [0m[32mGetting domain SID for 10.10.11.174[0m[34m )================================

[0mBad SMB2 (sign_algo_id=2) signature for message
[0000] 00 00 00 00 00 00 00 00   00 00 00 00 00 00 00 00   ........ ........
[0000] 96 64 58 41 AC 40 39 1B   32 B7 44 23 08 C2 BF 8D   .dXA.@9. 2.D#....
Cannot connect to server.  Error was NT_STATUS_ACCESS_DENIED
[33m
[+] [0m[32mCan't determine if host is part of domain or part of a workgroup

[0m
[34m ===================================( [0m[32mOS information on 10.10.11.174[0m[34m )===================================

[0m[33m
[E] [0m[31mCan't get OS info with smbclient

[0m[33m
[+] [0m[32mGot OS info for 10.10.11.174 from srvinfo: 
[0mBad SMB2 (sign_algo_id=2) signature for message
[0000] 00 00 00 00 00 00 00 00   00 00 00 00 00 00 00 00   ........ ........
[0000] C3 35 43 5F 5D 60 0E C1   18 91 59 00 FD 23 B7 A4   .5C_]`.. ..Y..#..
Cannot connect to server.  Error was NT_STATUS_ACCESS_DENIED


[34m =======================================( [0m[32mUsers on 10.10.11.174[0m[34m )=======================================

[0m[33m
[E] [0m[31mCouldn't find users using querydispinfo: NT_STATUS_ACCESS_DENIED

[0m
[33m
[E] [0m[31mCouldn't find users using enumdomusers: NT_STATUS_ACCESS_DENIED

[0m
[34m =================================( [0m[32mShare Enumeration on 10.10.11.174[0m[34m )=================================

[0mdo_connect: Connection to 10.10.11.174 failed (Error NT_STATUS_RESOURCE_NAME_NOT_FOUND)

	Sharename       Type      Comment
	---------       ----      -------
	ADMIN$          Disk      Remote Admin
	C$              Disk      Default share
	IPC$            IPC       Remote IPC
	NETLOGON        Disk      Logon server share 
	support-tools   Disk      support staff tools
	SYSVOL          Disk      Logon server share 
Reconnecting with SMB1 for workgroup listing.
Unable to connect with SMB1 -- no workgroup available
[33m
[+] [0m[32mAttempting to map shares on 10.10.11.174

[0m//10.10.11.174/ADMIN$	[35mMapping: [0mDENIED[35m Listing: [0mN/A[35m Writing: [0mN/A
//10.10.11.174/C$	[35mMapping: [0mDENIED[35m Listing: [0mN/A[35m Writing: [0mN/A
[33m
[E] [0m[31mCan't understand response:

[0mNT_STATUS_NO_SUCH_FILE listing \*
//10.10.11.174/IPC$	[35mMapping: [0mN/A[35m Listing: [0mN/A[35m Writing: [0mN/A
//10.10.11.174/NETLOGON	[35mMapping: [0mOK[35m Listing: [0mDENIED[35m Writing: [0mN/A
//10.10.11.174/support-tools	[35mMapping: [0mOK[35m Listing: [0mOK[35m Writing: [0mN/A
//10.10.11.174/SYSVOL	[35mMapping: [0mOK[35m Listing: [0mDENIED[35m Writing: [0mN/A

[34m ============================( [0m[32mPassword Policy Information for 10.10.11.174[0m[34m )============================

[0m[33m
[E] [0m[31mUnexpected error from polenum:

[0m

[+] Attaching to 10.10.11.174 using management

[+] Trying protocol 139/SMB...

	[!] Protocol failed: Cannot request session (Called Name:10.10.11.174)

[+] Trying protocol 445/SMB...

	[!] Protocol failed: SAMR SessionError: code: 0xc0000022 - STATUS_ACCESS_DENIED - {Access Denied} A process has requested access to an object but has not been granted those access rights.


[33m
[E] [0m[31mFailed to get password policy with rpcclient

[0m

[34m =======================================( [0m[32mGroups on 10.10.11.174[0m[34m )=======================================

[0m[33m
[+] [0m[32mGetting builtin groups:

[0m[33m
[+] [0m[32m Getting builtin group memberships:

[0m[33m
[+] [0m[32m Getting local groups:

[0m[33m
[+] [0m[32m Getting local group memberships:

[0m[33m
[+] [0m[32m Getting domain groups:

[0m[33m
[+] [0m[32m Getting domain group memberships:

[0m
[34m ==================( [0m[32mUsers on 10.10.11.174 via RID cycling (RIDS: 500-550,1000-1050)[0m[34m )==================

[0m[33m
[E] [0m[31mCouldn't get SID: NT_STATUS_ACCESS_DENIED.  RID cycling not possible.

[0m
[34m ===============================( [0m[32mGetting printer info for 10.10.11.174[0m[34m )===============================

[0mBad SMB2 (sign_algo_id=2) signature for message
[0000] 00 00 00 00 00 00 00 00   00 00 00 00 00 00 00 00   ........ ........
[0000] E9 BE D2 29 F7 96 1D 2E   4C 52 AF 04 F5 2F BC B8   ...).... LR.../..
Cannot connect to server.  Error was NT_STATUS_ACCESS_DENIED


enum4linux complete on Sat Nov 19 09:55:22 2022

