===============================================================
Gobuster v3.1.0
by OJ Reeves (@TheColonial) & Christian Mehlmauer (@firefart)
===============================================================
[+] Url:                     http://photobomb.htb
[+] Method:                  GET
[+] Threads:                 10
[+] Wordlist:                /usr/share/wordlists/dirb/common.txt
[+] Negative Status codes:   404
[+] User Agent:              gobuster/3.1.0
[+] Extensions:              html,php,js,txt
[+] Timeout:                 10s
===============================================================
2022/12/20 13:14:09 Starting gobuster in directory enumeration mode
===============================================================
/favicon.ico          (Status: 200) [Size: 10990]
/printer              (Status: 401) [Size: 188]  
/printers.html        (Status: 401) [Size: 188]  
/printer.php          (Status: 401) [Size: 188]  
/printers.php         (Status: 401) [Size: 188]  
/printer.js           (Status: 401) [Size: 188]  
/printers.js          (Status: 401) [Size: 188]  
/printer.txt          (Status: 401) [Size: 188]  
/printers             (Status: 401) [Size: 188]  
/printer.html         (Status: 401) [Size: 188]  
/printers.txt         (Status: 401) [Size: 188]  
===============================================================
2022/12/20 13:17:34 Finished
===============================================================
